<?xml version="1.0" encoding="UTF-8"?>
<!-- Generated by org.testng.reporters.JUnitReportReporter -->
<testsuite name="Basicss.NewTest" tests="1" time="0.014" ignored="0" failures="0" timestamp="14 Jan 2017 20:27:40 GMT" skipped="0" hostname="chandhu_P" errors="0">
  <testcase name="f" time="0.014" classname="Basicss.NewTest"/>
</testsuite> <!-- Basicss.NewTest -->
